<?xml version="1.0" encoding="UTF-8"?>
<testsuite xmlns:xsi="http://www.w3.org/2001/XMLSchema-instance" xsi:noNamespaceSchemaLocation="https://maven.apache.org/surefire/maven-surefire-plugin/xsd/surefire-test-report.xsd" name="categories.CategoriesTest" time="4.345" tests="1" errors="0" skipped="0" failures="1">
  <properties>
[...]
</properties>
  <testcase name="testParallel" classname="categories.CategoriesTest" time="4.341">
    <failure message="match failed: EQUALS&#10;  $ | actual path does not exist (STRING:STRING)&#10;  &apos;#notpresent&apos;&#10;  &apos;thecatapi-service&apos;&#10;&#10;classpath:categories/cats/cats.feature:12 ==&gt; expected: &lt;0&gt; but was: &lt;1&gt;" type="org.opentest4j.AssertionFailedError"><![CDATA[org.opentest4j.AssertionFailedError: 
match failed: EQUALS
  $ | actual path does not exist (STRING:STRING)
  '#notpresent'
  'thecatapi-service'

classpath:categories/cats/cats.feature:12 ==> expected: <0> but was: <1>
	at categories.CategoriesTest.testParallel(CategoriesTest.java:15)
]]></failure>
    <system-out><![CDATA[03:39:37.306 [main] DEBUG com.intuit.karate.Suite - [config] classpath:karate-config.js
03:39:37.310 [main] INFO  com.intuit.karate.Suite - backed up existing 'target\karate-reports' dir to: target\karate-reports_1679017177310
03:39:38.190 [pool-1-thread-1] INFO  com.intuit.karate - karate.env system property was: null 
03:39:38.740 [pool-1-thread-1] DEBUG com.intuit.karate - request:
1 > GET https://api.thedogapi.com/v1/categories
1 > x-api-key: live_MZuFF20RpOAJWlFt5JIzSvxBEl2V67khyaEE6EhPeSCEmcypCk1LoOjtBI5WD7UD
1 > 'Content-Type': application/json
1 > Host: api.thedogapi.com
1 > Connection: Keep-Alive
1 > User-Agent: Apache-HttpClient/4.5.13 (Java/1.8.0_241)
1 > Accept-Encoding: gzip,deflate


03:39:40.143 [pool-1-thread-1] DEBUG com.intuit.karate - response time in milliseconds: 1400
1 < 200
1 < x-dns-prefetch-control: off
1 < x-frame-options: SAMEORIGIN
1 < strict-transport-security: max-age=15552000; includeSubDomains
1 < x-download-options: noopen
1 < x-content-type-options: nosniff
1 < x-xss-protection: 1; mode=block
1 < vary: Origin
1 < pagination-count: 0
1 < pagination-page: 0
1 < pagination-limit: 1000
1 < access-control-expose-headers: Pagination-Count, Pagination-Page, Pagination-Limit
1 < cache-control: public, max-age=12800
1 < content-type: application/json; charset=utf-8
1 < x-response-time: 65ms
1 < X-Cloud-Trace-Context: b0a58c399c5bd3b84148c4bfb999be60;o=1
1 < Date: Fri, 17 Mar 2023 01:39:37 GMT
1 < Server: Google Frontend
1 < Content-Length: 2
[]
03:39:40.211 [pool-1-thread-1] ERROR com.intuit.karate - classpath:categories/cats/cats.feature:12
And match response.message == 'thecatapi-service'
match failed: EQUALS
  $ | actual path does not exist (STRING:STRING)
  '#notpresent'
  'thecatapi-service'

classpath:categories/cats/cats.feature:12
---------------------------------------------------------
feature: classpath:categories/cats/cats.feature
scenarios:  1 | passed:  0 | failed:  1 | time: 1.9860
---------------------------------------------------------

03:39:40.697 [pool-2-thread-1] INFO  com.intuit.karate.Suite - <<fail>> feature 1 of 1 (0 remaining) classpath:categories/cats/cats.feature
Karate version: 1.1.0
======================================================
elapsed:   4.07 | threads:    5 | thread time: 1.99 
features:     1 | skipped:    0 | efficiency: 0.10
scenarios:    1 | passed:     0 | failed: 1
======================================================
>>> failed features:
match failed: EQUALS
  $ | actual path does not exist (STRING:STRING)
  '#notpresent'
  'thecatapi-service'

classpath:categories/cats/cats.feature:12
<<<

HTML report: (paste into browser to view) | Karate version: 1.1.0
file:///C:/Users/Thapelo/Documents/my-karate-project/TestingDocsKarateDemo/target/karate-reports/karate-summary.html
===================================================================

]]></system-out>
  </testcase>
</testsuite>